This file contains any messages produced by compilers while
running configure, to aid debugging if configure makes a mistake.

It was created by minizip configure 1.2.8, which was
generated by GNU Autoconf 2.69.  Invocation command line was

  $ ./configure --disable-option-checking --prefix=/usr/local --disable-shared --with-pic --cache-file=/dev/null --srcdir=.

## --------- ##
## Platform. ##
## --------- ##

hostname = Upstairs
uname -m = x86_64
uname -r = 4.4.0-19041-Microsoft
uname -s = Linux
uname -v = #1237-Microsoft Sat Sep 11 14:32:00 PST 2021

/usr/bin/uname -p = unknown
/bin/uname -X     = unknown

/bin/arch              = unknown
/usr/bin/arch -k       = unknown
/usr/convex/getsysinfo = unknown
/usr/bin/hostinfo      = unknown
/bin/machine           = unknown
/usr/bin/oslevel       = unknown
/bin/universe          = unknown

PATH: /usr/local/sbin
PATH: /usr/local/bin
PATH: /usr/sbin
PATH: /usr/bin
PATH: /sbin
PATH: /bin
PATH: /usr/games
PATH: /usr/local/games
PATH: /snap/bin


## ----------- ##
## Core tests. ##
## ----------- ##

configure:2278: checking for a BSD-compatible install
configure:2346: result: /usr/bin/install -c
configure:2357: checking whether build environment is sane
configure:2412: result: yes
configure:2563: checking for a thread-safe mkdir -p
configure:2602: result: /bin/mkdir -p
configure:2609: checking for gawk
configure:2625: found /usr/bin/gawk
configure:2636: result: gawk
configure:2647: checking whether make sets $(MAKE)
configure:2669: result: yes
configure:2698: checking whether make supports nested variables
configure:2715: result: yes
configure:2861: checking build system type
configure:2875: result: x86_64-pc-linux-gnu
configure:2895: checking host system type
configure:2908: result: x86_64-pc-linux-gnu
configure:2949: checking how to print strings
configure:2976: result: printf
configure:3009: checking for style of include used by make
configure:3037: result: GNU
configure:3108: checking for gcc
configure:3124: found /usr/bin/gcc
configure:3135: result: gcc
configure:3364: checking for C compiler version
configure:3373: gcc --version >&5
gcc (Ubuntu 7.5.0-3ubuntu1~18.04) 7.5.0
Copyright (C) 2017 Free Software Foundation, Inc.
This is free software; see the source for copying conditions.  There is NO
warranty; not even for MERCHANTABILITY or FITNESS FOR A PARTICULAR PURPOSE.

configure:3384: $? = 0
configure:3373: gcc -v >&5
Using built-in specs.
COLLECT_GCC=gcc
COLLECT_LTO_WRAPPER=/usr/lib/gcc/x86_64-linux-gnu/7/lto-wrapper
OFFLOAD_TARGET_NAMES=nvptx-none
OFFLOAD_TARGET_DEFAULT=1
Target: x86_64-linux-gnu
Configured with: ../src/configure -v --with-pkgversion='Ubuntu 7.5.0-3ubuntu1~18.04' --with-bugurl=file:///usr/share/doc/gcc-7/README.Bugs --enable-languages=c,ada,c++,go,brig,d,fortran,objc,obj-c++ --prefix=/usr --with-gcc-major-version-only --program-suffix=-7 --program-prefix=x86_64-linux-gnu- --enable-shared --enable-linker-build-id --libexecdir=/usr/lib --without-included-gettext --enable-threads=posix --libdir=/usr/lib --enable-nls --enable-bootstrap --enable-clocale=gnu --enable-libstdcxx-debug --enable-libstdcxx-time=yes --with-default-libstdcxx-abi=new --enable-gnu-unique-object --disable-vtable-verify --enable-libmpx --enable-plugin --enable-default-pie --with-system-zlib --with-target-system-zlib --enable-objc-gc=auto --enable-multiarch --disable-werror --with-arch-32=i686 --with-abi=m64 --with-multilib-list=m32,m64,mx32 --enable-multilib --with-tune=generic --enable-offload-targets=nvptx-none --without-cuda-driver --enable-checking=release --build=x86_64-linux-gnu --host=x86_64-linux-gnu --target=x86_64-linux-gnu
Thread model: posix
gcc version 7.5.0 (Ubuntu 7.5.0-3ubuntu1~18.04) 
configure:3384: $? = 0
configure:3373: gcc -V >&5
gcc: error: unrecognized command line option '-V'
gcc: fatal error: no input files
compilation terminated.
configure:3384: $? = 1
configure:3373: gcc -qversion >&5
gcc: error: unrecognized command line option '-qversion'; did you mean '--version'?
gcc: fatal error: no input files
compilation terminated.
configure:3384: $? = 1
configure:3404: checking whether the C compiler works
configure:3426: gcc    conftest.c  >&5
configure:3430: $? = 0
configure:3478: result: yes
configure:3481: checking for C compiler default output file name
configure:3483: result: a.out
configure:3489: checking for suffix of executables
configure:3496: gcc -o conftest    conftest.c  >&5
configure:3500: $? = 0
configure:3522: result: 
configure:3544: checking whether we are cross compiling
configure:3552: gcc -o conftest    conftest.c  >&5
configure:3556: $? = 0
configure:3563: ./conftest
configure:3567: $? = 0
configure:3582: result: no
configure:3587: checking for suffix of object files
configure:3609: gcc -c   conftest.c >&5
configure:3613: $? = 0
configure:3634: result: o
configure:3638: checking whether we are using the GNU C compiler
configure:3657: gcc -c   conftest.c >&5
configure:3657: $? = 0
configure:3666: result: yes
configure:3675: checking whether gcc accepts -g
configure:3695: gcc -c -g  conftest.c >&5
configure:3695: $? = 0
configure:3736: result: yes
configure:3753: checking for gcc option to accept ISO C89
configure:3816: gcc  -c -g -O2  conftest.c >&5
configure:3816: $? = 0
configure:3829: result: none needed
configure:3854: checking whether gcc understands -c and -o together
configure:3876: gcc -c conftest.c -o conftest2.o
configure:3879: $? = 0
configure:3876: gcc -c conftest.c -o conftest2.o
configure:3879: $? = 0
configure:3891: result: yes
configure:3910: checking dependency style of gcc
configure:4021: result: gcc3
configure:4036: checking for a sed that does not truncate output
configure:4100: result: /bin/sed
configure:4118: checking for grep that handles long lines and -e
configure:4176: result: /bin/grep
configure:4181: checking for egrep
configure:4243: result: /bin/grep -E
configure:4248: checking for fgrep
configure:4310: result: /bin/grep -F
configure:4345: checking for ld used by gcc
configure:4412: result: /usr/bin/ld
configure:4419: checking if the linker (/usr/bin/ld) is GNU ld
configure:4434: result: yes
configure:4446: checking for BSD- or MS-compatible name lister (nm)
configure:4500: result: /usr/bin/nm -B
configure:4630: checking the name lister (/usr/bin/nm -B) interface
configure:4637: gcc -c -g -O2  conftest.c >&5
configure:4640: /usr/bin/nm -B "conftest.o"
configure:4643: output
0000000000000000 B some_variable
configure:4650: result: BSD nm
configure:4653: checking whether ln -s works
configure:4657: result: yes
configure:4665: checking the maximum length of command line arguments
configure:4796: result: 1572864
configure:4844: checking how to convert x86_64-pc-linux-gnu file names to x86_64-pc-linux-gnu format
configure:4884: result: func_convert_file_noop
configure:4891: checking how to convert x86_64-pc-linux-gnu file names to toolchain format
configure:4911: result: func_convert_file_noop
configure:4918: checking for /usr/bin/ld option to reload object files
configure:4925: result: -r
configure:4999: checking for objdump
configure:5015: found /usr/bin/objdump
configure:5026: result: objdump
configure:5058: checking how to recognize dependent libraries
configure:5258: result: pass_all
configure:5343: checking for dlltool
configure:5373: result: no
configure:5403: checking how to associate runtime and link libraries
configure:5430: result: printf %s\n
configure:5491: checking for ar
configure:5507: found /usr/bin/ar
configure:5518: result: ar
configure:5555: checking for archiver @FILE support
configure:5572: gcc -c -g -O2  conftest.c >&5
configure:5572: $? = 0
configure:5575: ar cru libconftest.a @conftest.lst >&5
ar: `u' modifier ignored since `D' is the default (see `U')
configure:5578: $? = 0
configure:5583: ar cru libconftest.a @conftest.lst >&5
ar: `u' modifier ignored since `D' is the default (see `U')
ar: conftest.o: No such file or directory
configure:5586: $? = 1
configure:5598: result: @
configure:5656: checking for strip
configure:5672: found /usr/bin/strip
configure:5683: result: strip
configure:5755: checking for ranlib
configure:5771: found /usr/bin/ranlib
configure:5782: result: ranlib
configure:5884: checking command to parse /usr/bin/nm -B output from gcc object
configure:6037: gcc -c -g -O2  conftest.c >&5
configure:6040: $? = 0
configure:6044: /usr/bin/nm -B conftest.o \| sed -n -e 's/^.*[ ]\([ABCDGIRSTW][ABCDGIRSTW]*\)[ ][ ]*\([_A-Za-z][_A-Za-z0-9]*\)$/\1 \2 \2/p' | sed '/ __gnu_lto/d' \> conftest.nm
configure:6047: $? = 0
configure:6113: gcc -o conftest -g -O2   conftest.c conftstm.o >&5
configure:6116: $? = 0
configure:6154: result: ok
configure:6201: checking for sysroot
configure:6231: result: no
configure:6238: checking for a working dd
configure:6276: result: /bin/dd
configure:6280: checking how to truncate binary pipes
configure:6295: result: /bin/dd bs=4096 count=1
configure:6431: gcc -c -g -O2  conftest.c >&5
configure:6434: $? = 0
configure:6624: checking for mt
configure:6640: found /bin/mt
configure:6651: result: mt
configure:6674: checking if mt is a manifest tool
configure:6680: mt '-?'
configure:6688: result: no
configure:7365: checking how to run the C preprocessor
configure:7396: gcc -E  conftest.c
configure:7396: $? = 0
configure:7410: gcc -E  conftest.c
conftest.c:9:10: fatal error: ac_nonexistent.h: No such file or directory
 #include <ac_nonexistent.h>
          ^~~~~~~~~~~~~~~~~~
compilation terminated.
configure:7410: $? = 1
configure: failed program was:
| /* confdefs.h */
| #define PACKAGE_NAME "minizip"
| #define PACKAGE_TARNAME "minizip"
| #define PACKAGE_VERSION "1.2.8"
| #define PACKAGE_STRING "minizip 1.2.8"
| #define PACKAGE_BUGREPORT "bugzilla.redhat.com"
| #define PACKAGE_URL ""
| /* end confdefs.h.  */
| #include <ac_nonexistent.h>
configure:7435: result: gcc -E
configure:7455: gcc -E  conftest.c
configure:7455: $? = 0
configure:7469: gcc -E  conftest.c
conftest.c:9:10: fatal error: ac_nonexistent.h: No such file or directory
 #include <ac_nonexistent.h>
          ^~~~~~~~~~~~~~~~~~
compilation terminated.
configure:7469: $? = 1
configure: failed program was:
| /* confdefs.h */
| #define PACKAGE_NAME "minizip"
| #define PACKAGE_TARNAME "minizip"
| #define PACKAGE_VERSION "1.2.8"
| #define PACKAGE_STRING "minizip 1.2.8"
| #define PACKAGE_BUGREPORT "bugzilla.redhat.com"
| #define PACKAGE_URL ""
| /* end confdefs.h.  */
| #include <ac_nonexistent.h>
configure:7498: checking for ANSI C header files
configure:7518: gcc -c -g -O2  conftest.c >&5
configure:7518: $? = 0
configure:7591: gcc -o conftest -g -O2   conftest.c  >&5
configure:7591: $? = 0
configure:7591: ./conftest
configure:7591: $? = 0
configure:7602: result: yes
configure:7615: checking for sys/types.h
configure:7615: gcc -c -g -O2  conftest.c >&5
configure:7615: $? = 0
configure:7615: result: yes
configure:7615: checking for sys/stat.h
configure:7615: gcc -c -g -O2  conftest.c >&5
configure:7615: $? = 0
configure:7615: result: yes
configure:7615: checking for stdlib.h
configure:7615: gcc -c -g -O2  conftest.c >&5
configure:7615: $? = 0
configure:7615: result: yes
configure:7615: checking for string.h
configure:7615: gcc -c -g -O2  conftest.c >&5
configure:7615: $? = 0
configure:7615: result: yes
configure:7615: checking for memory.h
configure:7615: gcc -c -g -O2  conftest.c >&5
configure:7615: $? = 0
configure:7615: result: yes
configure:7615: checking for strings.h
configure:7615: gcc -c -g -O2  conftest.c >&5
configure:7615: $? = 0
configure:7615: result: yes
configure:7615: checking for inttypes.h
configure:7615: gcc -c -g -O2  conftest.c >&5
configure:7615: $? = 0
configure:7615: result: yes
configure:7615: checking for stdint.h
configure:7615: gcc -c -g -O2  conftest.c >&5
configure:7615: $? = 0
configure:7615: result: yes
configure:7615: checking for unistd.h
configure:7615: gcc -c -g -O2  conftest.c >&5
configure:7615: $? = 0
configure:7615: result: yes
configure:7629: checking for dlfcn.h
configure:7629: gcc -c -g -O2  conftest.c >&5
configure:7629: $? = 0
configure:7629: result: yes
configure:7885: checking for objdir
configure:7900: result: .libs
configure:8164: checking if gcc supports -fno-rtti -fno-exceptions
configure:8182: gcc -c -g -O2  -fno-rtti -fno-exceptions conftest.c >&5
cc1: warning: command line option '-fno-rtti' is valid for C++/ObjC++ but not for C
configure:8186: $? = 0
configure:8199: result: no
configure:8557: checking for gcc option to produce PIC
configure:8564: result: -fPIC -DPIC
configure:8572: checking if gcc PIC flag -fPIC -DPIC works
configure:8590: gcc -c -g -O2  -fPIC -DPIC -DPIC conftest.c >&5
configure:8594: $? = 0
configure:8607: result: yes
configure:8636: checking if gcc static flag -static works
configure:8664: result: yes
configure:8679: checking if gcc supports -c -o file.o
configure:8700: gcc -c -g -O2  -o out/conftest2.o conftest.c >&5
configure:8704: $? = 0
configure:8726: result: yes
configure:8734: checking if gcc supports -c -o file.o
configure:8781: result: yes
configure:8814: checking whether the gcc linker (/usr/bin/ld -m elf_x86_64) supports shared libraries
configure:10077: result: yes
configure:10317: checking dynamic linker characteristics
configure:10898: gcc -o conftest -g -O2   -Wl,-rpath -Wl,/foo conftest.c  >&5
configure:10898: $? = 0
configure:11147: result: GNU/Linux ld.so
configure:11269: checking how to hardcode library paths into programs
configure:11294: result: immediate
configure:11842: checking whether stripping libraries is possible
configure:11847: result: yes
configure:11882: checking if libtool supports shared libraries
configure:11884: result: yes
configure:11887: checking whether to build shared libraries
configure:11912: result: no
configure:11915: checking whether to build static libraries
configure:11919: result: yes
configure:11957: checking whether to build example programs
configure:11977: result: no
configure:11999: checking for unistd.h
configure:11999: result: yes
configure:12154: checking that generated files are newer than configure
configure:12160: result: done
configure:12191: creating ./config.status

## ---------------------- ##
## Running config.status. ##
## ---------------------- ##

This file was extended by minizip config.status 1.2.8, which was
generated by GNU Autoconf 2.69.  Invocation command line was

  CONFIG_FILES    = 
  CONFIG_HEADERS  = 
  CONFIG_LINKS    = 
  CONFIG_COMMANDS = 
  $ ./config.status 

on Upstairs

config.status:1013: creating Makefile
config.status:1013: creating minizip.pc
config.status:1185: executing depfiles commands
config.status:1185: executing libtool commands
config.status:1185: executing quickfix commands

## ---------------- ##
## Cache variables. ##
## ---------------- ##

ac_cv_build=x86_64-pc-linux-gnu
ac_cv_c_compiler_gnu=yes
ac_cv_env_CC_set=
ac_cv_env_CC_value=
ac_cv_env_CFLAGS_set=
ac_cv_env_CFLAGS_value=
ac_cv_env_CPPFLAGS_set=
ac_cv_env_CPPFLAGS_value=
ac_cv_env_CPP_set=
ac_cv_env_CPP_value=
ac_cv_env_LDFLAGS_set=
ac_cv_env_LDFLAGS_value=
ac_cv_env_LIBS_set=
ac_cv_env_LIBS_value=
ac_cv_env_LT_SYS_LIBRARY_PATH_set=
ac_cv_env_LT_SYS_LIBRARY_PATH_value=
ac_cv_env_build_alias_set=
ac_cv_env_build_alias_value=
ac_cv_env_host_alias_set=
ac_cv_env_host_alias_value=
ac_cv_env_target_alias_set=
ac_cv_env_target_alias_value=
ac_cv_header_dlfcn_h=yes
ac_cv_header_inttypes_h=yes
ac_cv_header_memory_h=yes
ac_cv_header_stdc=yes
ac_cv_header_stdint_h=yes
ac_cv_header_stdlib_h=yes
ac_cv_header_string_h=yes
ac_cv_header_strings_h=yes
ac_cv_header_sys_stat_h=yes
ac_cv_header_sys_types_h=yes
ac_cv_header_unistd_h=yes
ac_cv_host=x86_64-pc-linux-gnu
ac_cv_objext=o
ac_cv_path_EGREP='/bin/grep -E'
ac_cv_path_FGREP='/bin/grep -F'
ac_cv_path_GREP=/bin/grep
ac_cv_path_SED=/bin/sed
ac_cv_path_install='/usr/bin/install -c'
ac_cv_path_lt_DD=/bin/dd
ac_cv_path_mkdir=/bin/mkdir
ac_cv_prog_AWK=gawk
ac_cv_prog_CPP='gcc -E'
ac_cv_prog_ac_ct_AR=ar
ac_cv_prog_ac_ct_CC=gcc
ac_cv_prog_ac_ct_MANIFEST_TOOL=mt
ac_cv_prog_ac_ct_OBJDUMP=objdump
ac_cv_prog_ac_ct_RANLIB=ranlib
ac_cv_prog_ac_ct_STRIP=strip
ac_cv_prog_cc_c89=
ac_cv_prog_cc_g=yes
ac_cv_prog_make_make_set=yes
am_cv_CC_dependencies_compiler_type=gcc3
am_cv_make_support_nested_variables=yes
am_cv_prog_cc_c_o=yes
lt_cv_ar_at_file=@
lt_cv_deplibs_check_method=pass_all
lt_cv_file_magic_cmd='$MAGIC_CMD'
lt_cv_file_magic_test_file=
lt_cv_ld_reload_flag=-r
lt_cv_nm_interface='BSD nm'
lt_cv_objdir=.libs
lt_cv_path_LD=/usr/bin/ld
lt_cv_path_NM='/usr/bin/nm -B'
lt_cv_path_mainfest_tool=no
lt_cv_prog_compiler_c_o=yes
lt_cv_prog_compiler_pic='-fPIC -DPIC'
lt_cv_prog_compiler_pic_works=yes
lt_cv_prog_compiler_rtti_exceptions=no
lt_cv_prog_compiler_static_works=yes
lt_cv_prog_gnu_ld=yes
lt_cv_sharedlib_from_linklib_cmd='printf %s\n'
lt_cv_shlibpath_overrides_runpath=yes
lt_cv_sys_global_symbol_pipe='sed -n -e '\''s/^.*[	 ]\([ABCDGIRSTW][ABCDGIRSTW]*\)[	 ][	 ]*\([_A-Za-z][_A-Za-z0-9]*\)$/\1 \2 \2/p'\'' | sed '\''/ __gnu_lto/d'\'''
lt_cv_sys_global_symbol_to_c_name_address='sed -n -e '\''s/^: \(.*\) .*$/  {"\1", (void *) 0},/p'\'' -e '\''s/^[ABCDGIRSTW][ABCDGIRSTW]* .* \(.*\)$/  {"\1", (void *) \&\1},/p'\'''
lt_cv_sys_global_symbol_to_c_name_address_lib_prefix='sed -n -e '\''s/^: \(.*\) .*$/  {"\1", (void *) 0},/p'\'' -e '\''s/^[ABCDGIRSTW][ABCDGIRSTW]* .* \(lib.*\)$/  {"\1", (void *) \&\1},/p'\'' -e '\''s/^[ABCDGIRSTW][ABCDGIRSTW]* .* \(.*\)$/  {"lib\1", (void *) \&\1},/p'\'''
lt_cv_sys_global_symbol_to_cdecl='sed -n -e '\''s/^T .* \(.*\)$/extern int \1();/p'\'' -e '\''s/^[ABCDGIRSTW][ABCDGIRSTW]* .* \(.*\)$/extern char \1;/p'\'''
lt_cv_sys_global_symbol_to_import=
lt_cv_sys_max_cmd_len=1572864
lt_cv_to_host_file_cmd=func_convert_file_noop
lt_cv_to_tool_file_cmd=func_convert_file_noop
lt_cv_truncate_bin='/bin/dd bs=4096 count=1'

## ----------------- ##
## Output variables. ##
## ----------------- ##

ACLOCAL='${SHELL} /mnt/c/Users/matthew/Documents/Downloads/clover2-master/src/minizip/missing aclocal-1.15'
AMDEPBACKSLASH='\'
AMDEP_FALSE='#'
AMDEP_TRUE=''
AMTAR='$${TAR-tar}'
AM_BACKSLASH='\'
AM_DEFAULT_V='$(AM_DEFAULT_VERBOSITY)'
AM_DEFAULT_VERBOSITY='1'
AM_V='$(V)'
AR='ar'
AUTOCONF='${SHELL} /mnt/c/Users/matthew/Documents/Downloads/clover2-master/src/minizip/missing autoconf'
AUTOHEADER='${SHELL} /mnt/c/Users/matthew/Documents/Downloads/clover2-master/src/minizip/missing autoheader'
AUTOMAKE='${SHELL} /mnt/c/Users/matthew/Documents/Downloads/clover2-master/src/minizip/missing automake-1.15'
AWK='gawk'
CC='gcc'
CCDEPMODE='depmode=gcc3'
CFLAGS='-g -O2'
COND_DEMOS_FALSE=''
COND_DEMOS_TRUE='#'
CPP='gcc -E'
CPPFLAGS=''
CYGPATH_W='echo'
DEFS='-DPACKAGE_NAME=\"minizip\" -DPACKAGE_TARNAME=\"minizip\" -DPACKAGE_VERSION=\"1.2.8\" -DPACKAGE_STRING=\"minizip\ 1.2.8\" -DPACKAGE_BUGREPORT=\"bugzilla.redhat.com\" -DPACKAGE_URL=\"\" -DSTDC_HEADERS=1 -DHAVE_SYS_TYPES_H=1 -DHAVE_SYS_STAT_H=1 -DHAVE_STDLIB_H=1 -DHAVE_STRING_H=1 -DHAVE_MEMORY_H=1 -DHAVE_STRINGS_H=1 -DHAVE_INTTYPES_H=1 -DHAVE_STDINT_H=1 -DHAVE_UNISTD_H=1 -DHAVE_DLFCN_H=1 -DLT_OBJDIR=\".libs/\"'
DEPDIR='.deps'
DLLTOOL='false'
DSYMUTIL=''
DUMPBIN=''
ECHO_C=''
ECHO_N='-n'
ECHO_T=''
EGREP='/bin/grep -E'
EXEEXT=''
FGREP='/bin/grep -F'
GREP='/bin/grep'
HAVE_UNISTD_H='1'
INSTALL_DATA='${INSTALL} -m 644'
INSTALL_PROGRAM='${INSTALL}'
INSTALL_SCRIPT='${INSTALL}'
INSTALL_STRIP_PROGRAM='$(install_sh) -c -s'
LD='/usr/bin/ld -m elf_x86_64'
LDFLAGS=''
LIBOBJS=''
LIBS=''
LIBTOOL='$(SHELL) $(top_builddir)/libtool'
LIPO=''
LN_S='ln -s'
LTLIBOBJS=''
LT_SYS_LIBRARY_PATH=''
MAKEINFO='${SHELL} /mnt/c/Users/matthew/Documents/Downloads/clover2-master/src/minizip/missing makeinfo'
MANIFEST_TOOL=':'
MKDIR_P='/bin/mkdir -p'
NM='/usr/bin/nm -B'
NMEDIT=''
OBJDUMP='objdump'
OBJEXT='o'
OTOOL64=''
OTOOL=''
PACKAGE='minizip'
PACKAGE_BUGREPORT='bugzilla.redhat.com'
PACKAGE_NAME='minizip'
PACKAGE_STRING='minizip 1.2.8'
PACKAGE_TARNAME='minizip'
PACKAGE_URL=''
PACKAGE_VERSION='1.2.8'
PATH_SEPARATOR=':'
RANLIB='ranlib'
SED='/bin/sed'
SET_MAKE=''
SHELL='/bin/bash'
STRIP='strip'
VERSION='1.2.8'
WIN32_FALSE=''
WIN32_TRUE='#'
ac_ct_AR='ar'
ac_ct_CC='gcc'
ac_ct_DUMPBIN=''
am__EXEEXT_FALSE=''
am__EXEEXT_TRUE='#'
am__fastdepCC_FALSE='#'
am__fastdepCC_TRUE=''
am__include='include'
am__isrc=''
am__leading_dot='.'
am__nodep='_no'
am__quote=''
am__tar='$${TAR-tar} chof - "$$tardir"'
am__untar='$${TAR-tar} xf -'
bindir='${exec_prefix}/bin'
build='x86_64-pc-linux-gnu'
build_alias=''
build_cpu='x86_64'
build_os='linux-gnu'
build_vendor='pc'
datadir='${datarootdir}'
datarootdir='${prefix}/share'
docdir='${datarootdir}/doc/${PACKAGE_TARNAME}'
dvidir='${docdir}'
exec_prefix='${prefix}'
host='x86_64-pc-linux-gnu'
host_alias=''
host_cpu='x86_64'
host_os='linux-gnu'
host_vendor='pc'
htmldir='${docdir}'
includedir='${prefix}/include'
infodir='${datarootdir}/info'
install_sh='${SHELL} /mnt/c/Users/matthew/Documents/Downloads/clover2-master/src/minizip/install-sh'
libdir='${exec_prefix}/lib'
libexecdir='${exec_prefix}/libexec'
localedir='${datarootdir}/locale'
localstatedir='${prefix}/var'
mandir='${datarootdir}/man'
mkdir_p='$(MKDIR_P)'
oldincludedir='/usr/include'
pdfdir='${docdir}'
prefix='/usr/local'
program_transform_name='s,x,x,'
psdir='${docdir}'
runstatedir='${localstatedir}/run'
sbindir='${exec_prefix}/sbin'
sharedstatedir='${prefix}/com'
sysconfdir='${prefix}/etc'
target_alias=''

## ----------- ##
## confdefs.h. ##
## ----------- ##

/* confdefs.h */
#define PACKAGE_NAME "minizip"
#define PACKAGE_TARNAME "minizip"
#define PACKAGE_VERSION "1.2.8"
#define PACKAGE_STRING "minizip 1.2.8"
#define PACKAGE_BUGREPORT "bugzilla.redhat.com"
#define PACKAGE_URL ""
#define STDC_HEADERS 1
#define HAVE_SYS_TYPES_H 1
#define HAVE_SYS_STAT_H 1
#define HAVE_STDLIB_H 1
#define HAVE_STRING_H 1
#define HAVE_MEMORY_H 1
#define HAVE_STRINGS_H 1
#define HAVE_INTTYPES_H 1
#define HAVE_STDINT_H 1
#define HAVE_UNISTD_H 1
#define HAVE_DLFCN_H 1
#define LT_OBJDIR ".libs/"

configure: exit 0
